<?xml version="1.0" encoding="UTF-8"?>
<!-- Generated by org.testng.reporters.JUnitReportReporter -->
<testsuite hostname="hp-PC" name="com.trackx.truelocate.flow.IMLocationListCreateFlow" tests="2" failures="0" timestamp="22 Nov 2017 08:06:26 GMT" time="40.391" errors="0">
  <testcase name="userclickflow" time="16.205" classname="com.trackx.truelocate.flow.IMLocationListCreateFlow"/>
  <testcase name="locationListCreateFlow" time="24.186" classname="com.trackx.truelocate.flow.IMLocationListCreateFlow"/>
</testsuite> <!-- com.trackx.truelocate.flow.IMLocationListCreateFlow -->
