<?xml version="1.0" encoding="UTF-8"?>
<!-- Generated by org.testng.reporters.JUnitReportReporter -->
<testsuite hostname="hp-PC" name="com.trackx.truelocate.flow.LocationListGlobalFilterFlow" tests="2" failures="0" timestamp="15 Dec 2017 10:58:31 GMT" time="31.377" errors="0">
  <testcase name="regionGlobalFilterFlow" time="12.221" classname="com.trackx.truelocate.flow.LocationListGlobalFilterFlow"/>
  <testcase name="userclickflow" time="19.156" classname="com.trackx.truelocate.flow.LocationListGlobalFilterFlow"/>
</testsuite> <!-- com.trackx.truelocate.flow.LocationListGlobalFilterFlow -->
