<?xml version="1.0" encoding="UTF-8"?>
<!-- Generated by org.testng.reporters.JUnitReportReporter -->
<testsuite hostname="hp-PC" name="com.trackx.truelocate.flow.IMItemClassCreateFlow" tests="2" failures="0" timestamp="13 Dec 2017 17:55:15 GMT" time="68.809" errors="0">
  <testcase name="userLogin" time="23.169" classname="com.trackx.truelocate.flow.IMItemClassCreateFlow"/>
  <testcase name="itemClassCreateFlow" time="45.640" classname="com.trackx.truelocate.flow.IMItemClassCreateFlow"/>
</testsuite> <!-- com.trackx.truelocate.flow.IMItemClassCreateFlow -->
