<?xml version="1.0" encoding="UTF-8"?>
<!-- Generated by org.testng.reporters.JUnitReportReporter -->
<testsuite hostname="DESKTOP-9FJDGC5" name="com.trackx.truelocate.flow.FacilityEditFlow" tests="2" failures="0" timestamp="27 Nov 2017 17:35:14 GMT" time="76.564" errors="0">
  <testcase name="facilityEditFlow" time="61.117" classname="com.trackx.truelocate.flow.FacilityEditFlow"/>
  <testcase name="userLogin" time="15.447" classname="com.trackx.truelocate.flow.FacilityEditFlow"/>
</testsuite> <!-- com.trackx.truelocate.flow.FacilityEditFlow -->
