<?xml version="1.0" encoding="UTF-8"?>
<!-- Generated by org.testng.reporters.JUnitReportReporter -->
<testsuite hostname="DESKTOP-9FJDGC5" name="com.trackx.truelocate.flow.ItemTypeCreateFlow" tests="2" failures="0" timestamp="22 Nov 2017 05:59:24 GMT" time="60.284" errors="0">
  <testcase name="userLogin" time="30.449" classname="com.trackx.truelocate.flow.ItemTypeCreateFlow"/>
  <testcase name="itemTypeCreateFlow" time="29.835" classname="com.trackx.truelocate.flow.ItemTypeCreateFlow"/>
</testsuite> <!-- com.trackx.truelocate.flow.ItemTypeCreateFlow -->
