<?xml version="1.0" encoding="UTF-8"?>
<!-- Generated by org.testng.reporters.JUnitReportReporter -->
<testsuite hostname="DESKTOP-9FJDGC5" name="com.trackx.truelocate.flow.LoginFLow" tests="1" failures="0" timestamp="22 Nov 2017 05:59:24 GMT" time="10.364" errors="0">
  <testcase name="LoginFlow" time="10.364" classname="com.trackx.truelocate.flow.LoginFLow"/>
</testsuite> <!-- com.trackx.truelocate.flow.LoginFLow -->
