<?xml version="1.0" encoding="UTF-8"?>
<!-- Generated by org.testng.reporters.JUnitReportReporter -->
<testsuite hostname="hp-PC" name="com.trackx.truelocate.flow.IMProvisionCreateFlow" tests="2" failures="0" timestamp="6 Dec 2017 13:13:08 GMT" time="46.418" errors="0">
  <testcase name="provisionCreateFlow" time="29.594" classname="com.trackx.truelocate.flow.IMProvisionCreateFlow"/>
  <testcase name="userclickflow" time="16.824" classname="com.trackx.truelocate.flow.IMProvisionCreateFlow"/>
</testsuite> <!-- com.trackx.truelocate.flow.IMProvisionCreateFlow -->
