<?xml version="1.0" encoding="UTF-8"?>
<!-- Generated by org.testng.reporters.JUnitReportReporter -->
<testsuite hostname="hp-PC" name="com.trackx.truelocate.flow.LocationListAdvancedFilterFlow" tests="2" failures="0" timestamp="15 Dec 2017 10:38:05 GMT" time="40.105" errors="0">
  <testcase name="facilityAdvancedFilterFlow" time="26.489" classname="com.trackx.truelocate.flow.LocationListAdvancedFilterFlow"/>
  <testcase name="userLogin" time="13.616" classname="com.trackx.truelocate.flow.LocationListAdvancedFilterFlow"/>
</testsuite> <!-- com.trackx.truelocate.flow.LocationListAdvancedFilterFlow -->
