<?xml version="1.0" encoding="UTF-8"?>
<!-- Generated by org.testng.reporters.JUnitReportReporter -->
<testsuite hostname="hp-PC" name="com.trackx.truelocate.flow.IMRegionEditFlow" tests="2" failures="0" timestamp="27 Nov 2017 14:11:03 GMT" time="62.510" errors="0">
  <testcase name="regionEditFlow" time="48.443" classname="com.trackx.truelocate.flow.IMRegionEditFlow"/>
  <testcase name="userclickflow" time="14.067" classname="com.trackx.truelocate.flow.IMRegionEditFlow"/>
</testsuite> <!-- com.trackx.truelocate.flow.IMRegionEditFlow -->
