<?xml version="1.0" encoding="UTF-8"?>
<!-- Generated by org.testng.reporters.JUnitReportReporter -->
<testsuite hostname="hp-PC" name="com.trackx.truelocate.flow.IMLocationListCreateFlow" tests="2" failures="0" timestamp="13 Dec 2017 17:55:15 GMT" time="93.991" errors="0">
  <testcase name="locationListCreateFlow" time="72.200" classname="com.trackx.truelocate.flow.IMLocationListCreateFlow"/>
  <testcase name="userclickflow" time="21.791" classname="com.trackx.truelocate.flow.IMLocationListCreateFlow"/>
</testsuite> <!-- com.trackx.truelocate.flow.IMLocationListCreateFlow -->
