<?xml version="1.0" encoding="UTF-8"?>
<!-- Generated by org.testng.reporters.JUnitReportReporter -->
<testsuite hostname="hp-PC" name="com.trackx.truelocate.flow.RegionGlobalFilterFlow" tests="2" failures="0" timestamp="14 Dec 2017 10:03:50 GMT" time="50.007" errors="0">
  <testcase name="regionCreateFlow" time="33.380" classname="com.trackx.truelocate.flow.RegionGlobalFilterFlow"/>
  <testcase name="userclickflow" time="16.627" classname="com.trackx.truelocate.flow.RegionGlobalFilterFlow"/>
</testsuite> <!-- com.trackx.truelocate.flow.RegionGlobalFilterFlow -->
