<?xml version="1.0" encoding="UTF-8"?>
<!-- Generated by org.testng.reporters.JUnitReportReporter -->
<testsuite hostname="hp-PC" name="com.trackx.truelocate.flow.IMItemClassEditFlow" tests="2" failures="0" timestamp="29 Nov 2017 11:00:22 GMT" time="65.058" errors="0">
  <testcase name="itemClassEditFlow" time="48.516" classname="com.trackx.truelocate.flow.IMItemClassEditFlow"/>
  <testcase name="userclickflow" time="16.542" classname="com.trackx.truelocate.flow.IMItemClassEditFlow"/>
</testsuite> <!-- com.trackx.truelocate.flow.IMItemClassEditFlow -->
