<?xml version="1.0" encoding="UTF-8"?>
<!-- Generated by org.testng.reporters.JUnitReportReporter -->
<testsuite hostname="hp-PC" name="com.trackx.truelocate.flow.IMItemTypeCreateFlow" tests="2" failures="0" timestamp="21 Nov 2017 10:45:51 GMT" time="29.493" errors="0">
  <testcase name="itemTypeCreateFlow" time="12.604" classname="com.trackx.truelocate.flow.IMItemTypeCreateFlow"/>
  <testcase name="userclickflow" time="16.889" classname="com.trackx.truelocate.flow.IMItemTypeCreateFlow"/>
</testsuite> <!-- com.trackx.truelocate.flow.IMItemTypeCreateFlow -->
