<?xml version="1.0" encoding="UTF-8"?>
<!-- Generated by org.testng.reporters.JUnitReportReporter -->
<testsuite hostname="hp-PC" name="com.trackx.truelocate.flow.IMIdentifierCreateFlow" tests="2" failures="0" timestamp="13 Dec 2017 17:55:15 GMT" time="36.603" errors="0">
  <testcase name="userLogin" time="15.582" classname="com.trackx.truelocate.flow.IMIdentifierCreateFlow"/>
  <testcase name="identifierTypeCreateFlow" time="21.021" classname="com.trackx.truelocate.flow.IMIdentifierCreateFlow"/>
</testsuite> <!-- com.trackx.truelocate.flow.IMIdentifierCreateFlow -->
