<?xml version="1.0" encoding="UTF-8"?>
<!-- Generated by org.testng.reporters.JUnitReportReporter -->
<testsuite hostname="hp-PC" name="com.trackx.truelocate.flow.IMItemTypeCreateFlow" tests="2" failures="0" timestamp="13 Dec 2017 17:55:15 GMT" time="29.213" errors="0">
  <testcase name="userLogin" time="15.901" classname="com.trackx.truelocate.flow.IMItemTypeCreateFlow"/>
  <testcase name="itemTypeCreateFlow" time="13.312" classname="com.trackx.truelocate.flow.IMItemTypeCreateFlow"/>
</testsuite> <!-- com.trackx.truelocate.flow.IMItemTypeCreateFlow -->
