<?xml version="1.0" encoding="UTF-8"?>
<!-- Generated by org.testng.reporters.JUnitReportReporter -->
<testsuite hostname="hp-PC" name="com.trackx.truelocate.flow.IMProvisionCreateFlow" tests="2" failures="0" timestamp="13 Dec 2017 17:55:15 GMT" time="307.271" errors="0">
  <testcase name="userclickflow" time="272.929" classname="com.trackx.truelocate.flow.IMProvisionCreateFlow"/>
  <testcase name="provisionCreateFlow" time="34.342" classname="com.trackx.truelocate.flow.IMProvisionCreateFlow"/>
</testsuite> <!-- com.trackx.truelocate.flow.IMProvisionCreateFlow -->
