<?xml version="1.0" encoding="UTF-8"?>
<!-- Generated by org.testng.reporters.JUnitReportReporter -->
<testsuite hostname="DESKTOP-9FJDGC5" name="com.trackx.truelocate.flow.FacilityAdvancedFilterFlow" tests="2" failures="0" timestamp="6 Dec 2017 10:36:50 GMT" time="111.713" errors="0">
  <testcase name="facilityAdvancedFilterFlow" time="101.645" classname="com.trackx.truelocate.flow.FacilityAdvancedFilterFlow"/>
  <testcase name="userLogin" time="10.068" classname="com.trackx.truelocate.flow.FacilityAdvancedFilterFlow"/>
</testsuite> <!-- com.trackx.truelocate.flow.FacilityAdvancedFilterFlow -->
