<?xml version="1.0" encoding="UTF-8"?>
<!-- Generated by org.testng.reporters.JUnitReportReporter -->
<testsuite hostname="DESKTOP-9FJDGC5" name="com.trackx.truelocate.flow.IMUserEditFlow" tests="2" failures="0" timestamp="27 Nov 2017 11:34:12 GMT" time="71.741" errors="0">
  <testcase name="userEditFlow" time="26.058" classname="com.trackx.truelocate.flow.IMUserEditFlow"/>
  <testcase name="userclickflow" time="45.683" classname="com.trackx.truelocate.flow.IMUserEditFlow"/>
</testsuite> <!-- com.trackx.truelocate.flow.IMUserEditFlow -->
