<?xml version="1.0" encoding="UTF-8"?>
<!-- Generated by org.testng.reporters.JUnitReportReporter -->
<testsuite hostname="hp-PC" name="com.trackx.truelocate.flow.IMItemClassCreateFlow" tests="2" failures="0" timestamp="21 Nov 2017 14:09:58 GMT" time="25.854" errors="0">
  <testcase name="identifierTypeCreateFlow" time="11.503" classname="com.trackx.truelocate.flow.IMItemClassCreateFlow"/>
  <testcase name="userclickflow" time="14.351" classname="com.trackx.truelocate.flow.IMItemClassCreateFlow"/>
</testsuite> <!-- com.trackx.truelocate.flow.IMItemClassCreateFlow -->
