<?xml version="1.0" encoding="UTF-8"?>
<!-- Generated by org.testng.reporters.JUnitReportReporter -->
<testsuite hostname="hp-PC" name="com.trackx.truelocate.flow.FacilityCreateFlow" tests="2" failures="0" timestamp="13 Dec 2017 17:55:15 GMT" time="204.430" errors="0">
  <testcase name="userLogin" time="19.774" classname="com.trackx.truelocate.flow.FacilityCreateFlow"/>
  <testcase name="facilityCreateFlow" time="184.656" classname="com.trackx.truelocate.flow.FacilityCreateFlow"/>
</testsuite> <!-- com.trackx.truelocate.flow.FacilityCreateFlow -->
