<?xml version="1.0" encoding="UTF-8"?>
<!-- Generated by org.testng.reporters.JUnitReportReporter -->
<testsuite hostname="hp-PC" name="com.trackx.truelocate.flow.FacilityAdvancedFilterFlow" tests="2" failures="0" timestamp="14 Dec 2017 09:05:47 GMT" time="153.140" errors="0">
  <testcase name="facilityAdvancedFilterFlow" time="131.317" classname="com.trackx.truelocate.flow.FacilityAdvancedFilterFlow"/>
  <testcase name="userLogin" time="21.823" classname="com.trackx.truelocate.flow.FacilityAdvancedFilterFlow"/>
</testsuite> <!-- com.trackx.truelocate.flow.FacilityAdvancedFilterFlow -->
