<?xml version="1.0" encoding="UTF-8"?>
<!-- Generated by org.testng.reporters.JUnitReportReporter -->
<testsuite hostname="hp-PC" name="com.trackx.truelocate.flow.RegionAdvancedFilterFlow" tests="2" failures="0" timestamp="15 Dec 2017 08:29:34 GMT" time="30.320" errors="0">
  <testcase name="userLogin" time="16.995" classname="com.trackx.truelocate.flow.RegionAdvancedFilterFlow"/>
  <testcase name="regionAdvancedFilterFlow" time="13.325" classname="com.trackx.truelocate.flow.RegionAdvancedFilterFlow"/>
</testsuite> <!-- com.trackx.truelocate.flow.RegionAdvancedFilterFlow -->
