<?xml version="1.0" encoding="UTF-8"?>
<!-- Generated by org.testng.reporters.JUnitReportReporter -->
<testsuite hostname="hp-PC" name="com.trackx.truelocate.flow.itemClassGlobalFilterFlow" tests="2" failures="0" timestamp="15 Dec 2017 11:45:19 GMT" time="24.354" errors="0">
  <testcase name="itemClassGlobalFilterFlow" time="9.594" classname="com.trackx.truelocate.flow.itemClassGlobalFilterFlow"/>
  <testcase name="userclickflow" time="14.760" classname="com.trackx.truelocate.flow.itemClassGlobalFilterFlow"/>
</testsuite> <!-- com.trackx.truelocate.flow.itemClassGlobalFilterFlow -->
