<?xml version="1.0" encoding="UTF-8"?>
<!-- Generated by org.testng.reporters.JUnitReportReporter -->
<testsuite hostname="DESKTOP-9FJDGC5" name="com.trackx.truelocate.flow.ItemClassCreateFlow" tests="2" failures="0" timestamp="22 Nov 2017 05:59:24 GMT" time="36.689" errors="0">
  <testcase name="itemClassCreateFlow" time="18.437" classname="com.trackx.truelocate.flow.ItemClassCreateFlow"/>
  <testcase name="userLogin" time="18.252" classname="com.trackx.truelocate.flow.ItemClassCreateFlow"/>
</testsuite> <!-- com.trackx.truelocate.flow.ItemClassCreateFlow -->
