<?xml version="1.0" encoding="UTF-8"?>
<!-- Generated by org.testng.reporters.JUnitReportReporter -->
<testsuite hostname="DESKTOP-9FJDGC5" name="com.trackx.truelocate.flow.FacilityAdvancedFilterFlow" tests="2" failures="0" timestamp="14 Dec 2017 11:23:59 GMT" time="233.307" errors="0">
  <testcase name="userLogin" time="12.010" classname="com.trackx.truelocate.flow.FacilityAdvancedFilterFlow"/>
  <testcase name="facilityAdvancedFilterFlow" time="221.297" classname="com.trackx.truelocate.flow.FacilityAdvancedFilterFlow"/>
</testsuite> <!-- com.trackx.truelocate.flow.FacilityAdvancedFilterFlow -->
