<?xml version="1.0" encoding="UTF-8"?>
<!-- Generated by org.testng.reporters.JUnitReportReporter -->
<testsuite hostname="hp-PC" name="com.trackx.truelocate.flow.IMItemClassCreateFlow" tests="2" failures="0" timestamp="21 Nov 2017 10:45:51 GMT" time="28.044" errors="0">
  <testcase name="userclickflow" time="16.943" classname="com.trackx.truelocate.flow.IMItemClassCreateFlow"/>
  <testcase name="identifierTypeCreateFlow" time="11.101" classname="com.trackx.truelocate.flow.IMItemClassCreateFlow"/>
</testsuite> <!-- com.trackx.truelocate.flow.IMItemClassCreateFlow -->
