<?xml version="1.0" encoding="UTF-8"?>
<!-- Generated by org.testng.reporters.JUnitReportReporter -->
<testsuite hostname="hp-PC" name="com.trackx.truelocate.flow.IMRegionDeleteFlow" tests="2" failures="0" timestamp="7 Dec 2017 06:49:19 GMT" time="42.343" errors="0">
  <testcase name="userclickflow" time="15.264" classname="com.trackx.truelocate.flow.IMRegionDeleteFlow"/>
  <testcase name="regionDeleteFlow" time="27.079" classname="com.trackx.truelocate.flow.IMRegionDeleteFlow"/>
</testsuite> <!-- com.trackx.truelocate.flow.IMRegionDeleteFlow -->
