<?xml version="1.0" encoding="UTF-8"?>
<!-- Generated by org.testng.reporters.JUnitReportReporter -->
<testsuite hostname="hp-PC" name="com.trackx.truelocate.flow.IMLocationListDeleteFlow" tests="2" failures="1" timestamp="7 Dec 2017 06:49:19 GMT" time="14.569" errors="0">
  <testcase name="locationListDeleteFlow" time="0.002" classname="com.trackx.truelocate.flow.IMLocationListDeleteFlow">
    <failure type="org.testng.TestNGException" message="
The data provider is trying to pass 11 parameters but the method com.trackx.truelocate.flow.IMLocationListDeleteFlow#locationListDeleteFlow takes 1">
      <![CDATA[org.testng.TestNGException: 
The data provider is trying to pass 11 parameters but the method com.trackx.truelocate.flow.IMLocationListDeleteFlow#locationListDeleteFlow takes 1
	at org.testng.internal.Invoker.injectParameters(Invoker.java:1337)
	at org.testng.internal.Invoker.invokeTestMethods(Invoker.java:1225)
	at org.testng.internal.TestMethodWorker.invokeTestMethods(TestMethodWorker.java:127)
	at org.testng.internal.TestMethodWorker.run(TestMethodWorker.java:111)
	at org.testng.TestRunner.privateRun(TestRunner.java:767)
	at org.testng.TestRunner.run(TestRunner.java:617)
	at org.testng.SuiteRunner.runTest(SuiteRunner.java:334)
	at org.testng.SuiteRunner.runSequentially(SuiteRunner.java:329)
	at org.testng.SuiteRunner.privateRun(SuiteRunner.java:291)
	at org.testng.SuiteRunner.run(SuiteRunner.java:240)
	at org.testng.SuiteRunnerWorker.runSuite(SuiteRunnerWorker.java:52)
	at org.testng.SuiteRunnerWorker.run(SuiteRunnerWorker.java:86)
	at org.testng.TestNG.runSuitesSequentially(TestNG.java:1198)
	at org.testng.TestNG.runSuitesLocally(TestNG.java:1123)
	at org.testng.TestNG.run(TestNG.java:1031)
	at org.testng.remote.AbstractRemoteTestNG.run(AbstractRemoteTestNG.java:114)
	at org.testng.remote.RemoteTestNG.initAndRun(RemoteTestNG.java:251)
	at org.testng.remote.RemoteTestNG.main(RemoteTestNG.java:77)
]]>
    </failure>
  </testcase> <!-- locationListDeleteFlow -->
  <testcase name="userclickflow" time="14.567" classname="com.trackx.truelocate.flow.IMLocationListDeleteFlow"/>
</testsuite> <!-- com.trackx.truelocate.flow.IMLocationListDeleteFlow -->
