<?xml version="1.0" encoding="UTF-8"?>
<!-- Generated by org.testng.reporters.JUnitReportReporter -->
<testsuite hostname="hp-PC" name="com.trackx.truelocate.flow.IMItemTypeEditFlow" tests="2" failures="0" timestamp="28 Nov 2017 11:44:33 GMT" time="65.924" errors="0">
  <testcase name="userclickflow" time="16.792" classname="com.trackx.truelocate.flow.IMItemTypeEditFlow"/>
  <testcase name="regionEditFlow" time="49.132" classname="com.trackx.truelocate.flow.IMItemTypeEditFlow"/>
</testsuite> <!-- com.trackx.truelocate.flow.IMItemTypeEditFlow -->
