<?xml version="1.0" encoding="UTF-8"?>
<!-- Generated by org.testng.reporters.JUnitReportReporter -->
<testsuite hostname="hp-PC" name="com.trackx.truelocate.flow.IMItemCreateFlow" tests="2" failures="0" timestamp="13 Dec 2017 17:55:15 GMT" time="81.462" errors="0">
  <testcase name="itemCreateFlow" time="65.740" classname="com.trackx.truelocate.flow.IMItemCreateFlow"/>
  <testcase name="userLogin" time="15.722" classname="com.trackx.truelocate.flow.IMItemCreateFlow"/>
</testsuite> <!-- com.trackx.truelocate.flow.IMItemCreateFlow -->
