<?xml version="1.0" encoding="UTF-8"?>
<!-- Generated by org.testng.reporters.JUnitReportReporter -->
<testsuite hostname="hp-PC" name="com.trackx.truelocate.flow.IMItemTypeCreateFlow" tests="2" failures="0" timestamp="6 Dec 2017 12:52:50 GMT" time="26.644" errors="0">
  <testcase name="userLogin" time="13.858" classname="com.trackx.truelocate.flow.IMItemTypeCreateFlow"/>
  <testcase name="itemTypeCreateFlow" time="12.786" classname="com.trackx.truelocate.flow.IMItemTypeCreateFlow"/>
</testsuite> <!-- com.trackx.truelocate.flow.IMItemTypeCreateFlow -->
