<?xml version="1.0" encoding="UTF-8"?>
<!-- Generated by org.testng.reporters.JUnitReportReporter -->
<testsuite hostname="hp-PC" name="com.trackx.truelocate.flow.IMRegionCreateFlow" tests="2" failures="0" timestamp="21 Nov 2017 10:45:51 GMT" time="26.974" errors="0">
  <testcase name="userclickflow" time="15.923" classname="com.trackx.truelocate.flow.IMRegionCreateFlow"/>
  <testcase name="regionCreateFlow" time="11.051" classname="com.trackx.truelocate.flow.IMRegionCreateFlow"/>
</testsuite> <!-- com.trackx.truelocate.flow.IMRegionCreateFlow -->
