<?xml version="1.0" encoding="UTF-8"?>
<!-- Generated by org.testng.reporters.JUnitReportReporter -->
<testsuite hostname="hp-PC" name="com.trackx.truelocate.flow.IMIdentifierCreateFlow" tests="2" failures="0" timestamp="21 Nov 2017 10:45:51 GMT" time="36.952" errors="0">
  <testcase name="itemTypeCreateFlow" time="21.085" classname="com.trackx.truelocate.flow.IMIdentifierCreateFlow"/>
  <testcase name="userclickflow" time="15.867" classname="com.trackx.truelocate.flow.IMIdentifierCreateFlow"/>
</testsuite> <!-- com.trackx.truelocate.flow.IMIdentifierCreateFlow -->
