<?xml version="1.0" encoding="UTF-8"?>
<!-- Generated by org.testng.reporters.JUnitReportReporter -->
<testsuite hostname="hp-PC" name="com.trackx.truelocate.flow.IMItemEditFlow" tests="2" failures="0" timestamp="29 Nov 2017 11:11:35 GMT" time="127.059" errors="0">
  <testcase name="itemEditFlow" time="104.994" classname="com.trackx.truelocate.flow.IMItemEditFlow"/>
  <testcase name="userLogin" time="22.065" classname="com.trackx.truelocate.flow.IMItemEditFlow"/>
</testsuite> <!-- com.trackx.truelocate.flow.IMItemEditFlow -->
