<?xml version="1.0" encoding="UTF-8"?>
<!-- Generated by org.testng.reporters.JUnitReportReporter -->
<testsuite hostname="hp-PC" name="com.trackx.truelocate.flow.IMItemClassCreateFlow" tests="2" failures="0" timestamp="6 Dec 2017 12:52:50 GMT" time="65.344" errors="0">
  <testcase name="userLogin" time="21.921" classname="com.trackx.truelocate.flow.IMItemClassCreateFlow"/>
  <testcase name="itemClassCreateFlow" time="43.423" classname="com.trackx.truelocate.flow.IMItemClassCreateFlow"/>
</testsuite> <!-- com.trackx.truelocate.flow.IMItemClassCreateFlow -->
