<?xml version="1.0" encoding="UTF-8"?>
<!-- Generated by org.testng.reporters.JUnitReportReporter -->
<testsuite hostname="hp-PC" name="com.trackx.truelocate.flow.IMLocationListCreateFlow" tests="2" failures="0" timestamp="6 Dec 2017 12:52:50 GMT" time="93.176" errors="0">
  <testcase name="userclickflow" time="21.569" classname="com.trackx.truelocate.flow.IMLocationListCreateFlow"/>
  <testcase name="locationListCreateFlow" time="71.607" classname="com.trackx.truelocate.flow.IMLocationListCreateFlow"/>
</testsuite> <!-- com.trackx.truelocate.flow.IMLocationListCreateFlow -->
