<?xml version="1.0" encoding="UTF-8"?>
<!-- Generated by org.testng.reporters.JUnitReportReporter -->
<testsuite hostname="hp-PC" name="com.trackx.truelocate.flow.IMIdentifierDeleteFlow" tests="2" failures="0" timestamp="7 Dec 2017 06:49:19 GMT" time="50.129" errors="0">
  <testcase name="identifierDeleteFlow" time="28.440" classname="com.trackx.truelocate.flow.IMIdentifierDeleteFlow"/>
  <testcase name="userclickflow" time="21.689" classname="com.trackx.truelocate.flow.IMIdentifierDeleteFlow"/>
</testsuite> <!-- com.trackx.truelocate.flow.IMIdentifierDeleteFlow -->
