<?xml version="1.0" encoding="UTF-8"?>
<!-- Generated by org.testng.reporters.JUnitReportReporter -->
<testsuite hostname="hp-PC" name="com.trackx.truelocate.flow.IMItemCreateFlow" tests="2" failures="0" timestamp="6 Dec 2017 12:52:50 GMT" time="79.298" errors="0">
  <testcase name="itemCreateFlow" time="65.696" classname="com.trackx.truelocate.flow.IMItemCreateFlow"/>
  <testcase name="userLogin" time="13.602" classname="com.trackx.truelocate.flow.IMItemCreateFlow"/>
</testsuite> <!-- com.trackx.truelocate.flow.IMItemCreateFlow -->
