<?xml version="1.0" encoding="UTF-8"?>
<!-- Generated by org.testng.reporters.JUnitReportReporter -->
<testsuite hostname="hp-PC" name="com.trackx.truelocate.flow.FacilityGlobalFilterFlow" tests="2" failures="0" timestamp="14 Dec 2017 09:26:31 GMT" time="30.869" errors="0">
  <testcase name="regionCreateFlow" time="12.228" classname="com.trackx.truelocate.flow.FacilityGlobalFilterFlow"/>
  <testcase name="userclickflow" time="18.641" classname="com.trackx.truelocate.flow.FacilityGlobalFilterFlow"/>
</testsuite> <!-- com.trackx.truelocate.flow.FacilityGlobalFilterFlow -->
