<?xml version="1.0" encoding="UTF-8"?>
<!-- Generated by org.testng.reporters.JUnitReportReporter -->
<testsuite hostname="hp-PC" name="com.trackx.truelocate.flow.FacilityAdvancedFilterFlow" tests="2" failures="0" timestamp="12 Dec 2017 11:58:20 GMT" time="150.691" errors="0">
  <testcase name="facilityAdvancedFilterFlow" time="130.161" classname="com.trackx.truelocate.flow.FacilityAdvancedFilterFlow"/>
  <testcase name="userLogin" time="20.530" classname="com.trackx.truelocate.flow.FacilityAdvancedFilterFlow"/>
</testsuite> <!-- com.trackx.truelocate.flow.FacilityAdvancedFilterFlow -->
