<?xml version="1.0" encoding="UTF-8"?>
<!-- Generated by org.testng.reporters.JUnitReportReporter -->
<testsuite hostname="hp-PC" name="com.trackx.truelocate.flow.RegionGlobalFilterFlow" tests="2" failures="0" timestamp="29 Nov 2017 12:09:14 GMT" time="25.554" errors="0">
  <testcase name="userclickflow" time="16.216" classname="com.trackx.truelocate.flow.RegionGlobalFilterFlow"/>
  <testcase name="regionCreateFlow" time="9.338" classname="com.trackx.truelocate.flow.RegionGlobalFilterFlow"/>
</testsuite> <!-- com.trackx.truelocate.flow.RegionGlobalFilterFlow -->
